app/build/intermediates/manifest_merge_blame_file/release/manifest-merger-blame-release-report.txt
1<?xml version="1.0" encoding="utf-8"?>
2<manifest xmlns:android="http://schemas.android.com/apk/res/android"
3    package="com.jetpack.composepagination"
4    android:versionCode="1"
5    android:versionName="1.0" >
6
7    <uses-sdk
8        android:minSdkVersion="21"
8-->src/main/AndroidManifest.xml
9        android:targetSdkVersion="31" />
9-->src/main/AndroidManifest.xml
10
11    <uses-permission android:name="android.permission.INTERNET" />
11-->src/main/AndroidManifest.xml:5:5-66
11-->src/main/AndroidManifest.xml:5:22-64
12
13    <application
13-->src/main/AndroidManifest.xml:7:5-25:19
14        android:allowBackup="true"
14-->src/main/AndroidManifest.xml:8:9-35
15        android:appComponentFactory="androidx.core.app.CoreComponentFactory"
15-->[androidx.core:core:1.6.0] AndroidManifest.xml:24:18-86
16        android:icon="@mipmap/ic_launcher"
16-->src/main/AndroidManifest.xml:9:9-43
17        android:label="@string/app_name"
17-->src/main/AndroidManifest.xml:10:9-41
18        android:roundIcon="@mipmap/ic_launcher_round"
18-->src/main/AndroidManifest.xml:11:9-54
19        android:supportsRtl="true"
19-->src/main/AndroidManifest.xml:12:9-35
20        android:testOnly="true"
21        android:theme="@style/Theme.ComposePagination" >
21-->src/main/AndroidManifest.xml:13:9-55
22        <activity
22-->src/main/AndroidManifest.xml:14:9-24:20
23            android:name="com.jetpack.composepagination.MainActivity"
23-->src/main/AndroidManifest.xml:15:13-41
24            android:exported="true"
24-->src/main/AndroidManifest.xml:16:13-36
25            android:label="@string/app_name"
25-->src/main/AndroidManifest.xml:17:13-45
26            android:theme="@style/Theme.ComposePagination.NoActionBar" >
26-->src/main/AndroidManifest.xml:18:13-71
27            <intent-filter>
27-->src/main/AndroidManifest.xml:19:13-23:29
28                <action android:name="android.intent.action.MAIN" />
28-->src/main/AndroidManifest.xml:20:17-69
28-->src/main/AndroidManifest.xml:20:25-66
29
30                <category android:name="android.intent.category.LAUNCHER" />
30-->src/main/AndroidManifest.xml:22:17-77
30-->src/main/AndroidManifest.xml:22:27-74
31            </intent-filter>
32        </activity>
33
34        <provider
34-->[androidx.profileinstaller:profileinstaller:1.0.1] AndroidManifest.xml:26:9-34:20
35            android:name="androidx.startup.InitializationProvider"
35-->[androidx.profileinstaller:profileinstaller:1.0.1] AndroidManifest.xml:27:13-67
36            android:authorities="com.jetpack.composepagination.androidx-startup"
36-->[androidx.profileinstaller:profileinstaller:1.0.1] AndroidManifest.xml:28:13-68
37            android:exported="false" >
37-->[androidx.profileinstaller:profileinstaller:1.0.1] AndroidManifest.xml:29:13-37
38            <meta-data
38-->[androidx.profileinstaller:profileinstaller:1.0.1] AndroidManifest.xml:31:13-33:52
39                android:name="androidx.profileinstaller.ProfileInstallerInitializer"
39-->[androidx.profileinstaller:profileinstaller:1.0.1] AndroidManifest.xml:32:17-85
40                android:value="androidx.startup" />
40-->[androidx.profileinstaller:profileinstaller:1.0.1] AndroidManifest.xml:33:17-49
41        </provider>
42
43        <receiver
43-->[androidx.profileinstaller:profileinstaller:1.0.1] AndroidManifest.xml:36:9-45:20
44            android:name="androidx.profileinstaller.ProfileInstallReceiver"
44-->[androidx.profileinstaller:profileinstaller:1.0.1] AndroidManifest.xml:37:13-76
45            android:directBootAware="false"
45-->[androidx.profileinstaller:profileinstaller:1.0.1] AndroidManifest.xml:38:13-44
46            android:enabled="true"
46-->[androidx.profileinstaller:profileinstaller:1.0.1] AndroidManifest.xml:39:13-35
47            android:exported="true"
47-->[androidx.profileinstaller:profileinstaller:1.0.1] AndroidManifest.xml:40:13-36
48            android:permission="android.permission.DUMP" >
48-->[androidx.profileinstaller:profileinstaller:1.0.1] AndroidManifest.xml:41:13-57
49            <intent-filter>
49-->[androidx.profileinstaller:profileinstaller:1.0.1] AndroidManifest.xml:42:13-44:29
50                <action android:name="androidx.profileinstaller.action.INSTALL_PROFILE" />
50-->[androidx.profileinstaller:profileinstaller:1.0.1] AndroidManifest.xml:43:17-91
50-->[androidx.profileinstaller:profileinstaller:1.0.1] AndroidManifest.xml:43:25-88
51            </intent-filter>
52        </receiver>
53    </application>
54
55</manifest>